<?xml version="1.0" encoding="UTF-8"?>
<testng-results skipped="0" failed="0" ignored="0" total="1" passed="1">
  <reporter-output>
  </reporter-output>
  <suite name="appium test suite" duration-ms="19" started-at="2018-10-03T11:40:28Z" finished-at="2018-10-03T11:40:28Z">
    <groups>
    </groups>
    <test name="Launch myntra" duration-ms="19" started-at="2018-10-03T11:40:28Z" finished-at="2018-10-03T11:40:28Z">
      <class name="testCases.TestCases">
        <test-method status="PASS" signature="setUp()[pri:0, instance:testCases.TestCases@4b4523f8]" name="setUp" is-config="true" duration-ms="13146" started-at="2018-10-03T17:10:15Z" finished-at="2018-10-03T17:10:28Z">
          <reporter-output>
          </reporter-output>
        </test-method> <!-- setUp -->
        <test-method status="PASS" signature="LaunchTest()[pri:0, instance:testCases.TestCases@4b4523f8]" name="LaunchTest" duration-ms="4" started-at="2018-10-03T17:10:28Z" finished-at="2018-10-03T17:10:28Z">
          <reporter-output>
          </reporter-output>
        </test-method> <!-- LaunchTest -->
        <test-method status="PASS" signature="tearDown()[pri:0, instance:testCases.TestCases@4b4523f8]" name="tearDown" is-config="true" duration-ms="4789" started-at="2018-10-03T17:10:28Z" finished-at="2018-10-03T17:10:33Z">
          <reporter-output>
          </reporter-output>
        </test-method> <!-- tearDown -->
      </class> <!-- testCases.TestCases -->
    </test> <!-- Launch myntra -->
  </suite> <!-- appium test suite -->
</testng-results>
